ARM GAS  C:\Users\DMFILA~1\AppData\Local\Temp\cchvWgLk.s 			page 1


   1              		.cpu cortex-m4
   2              		.eabi_attribute 27, 1
   3              		.eabi_attribute 28, 1
   4              		.eabi_attribute 20, 1
   5              		.eabi_attribute 21, 1
   6              		.eabi_attribute 23, 3
   7              		.eabi_attribute 24, 1
   8              		.eabi_attribute 25, 1
   9              		.eabi_attribute 26, 1
  10              		.eabi_attribute 30, 1
  11              		.eabi_attribute 34, 1
  12              		.eabi_attribute 18, 4
  13              		.file	"MotorCommunication.c"
  14              		.text
  15              	.Ltext0:
  16              		.cfi_sections	.debug_frame
  17              		.section	.text.motorStart,"ax",%progbits
  18              		.align	1
  19              		.global	motorStart
  20              		.arch armv7e-m
  21              		.syntax unified
  22              		.thumb
  23              		.thumb_func
  24              		.fpu fpv4-sp-d16
  26              	motorStart:
  27              	.LVL0:
  28              	.LFB126:
  29              		.file 1 "Core/Src/MotorCommunication.c"
   1:Core/Src/MotorCommunication.c **** #include "MotorCommunication.h"
   2:Core/Src/MotorCommunication.c **** 
   3:Core/Src/MotorCommunication.c **** 
   4:Core/Src/MotorCommunication.c **** void motorStart(uint16_t motorId)
   5:Core/Src/MotorCommunication.c **** {
  30              		.loc 1 5 1 view -0
  31              		.cfi_startproc
  32              		@ args = 0, pretend = 0, frame = 8
  33              		@ frame_needed = 0, uses_anonymous_args = 0
  34              		.loc 1 5 1 is_stmt 0 view .LVU1
  35 0000 00B5     		push	{lr}
  36              	.LCFI0:
  37              		.cfi_def_cfa_offset 4
  38              		.cfi_offset 14, -4
  39 0002 83B0     		sub	sp, sp, #12
  40              	.LCFI1:
  41              		.cfi_def_cfa_offset 16
  42 0004 0246     		mov	r2, r0
   6:Core/Src/MotorCommunication.c ****     uint8_t data[2];
  43              		.loc 1 6 5 is_stmt 1 view .LVU2
   7:Core/Src/MotorCommunication.c ****     data[0]=0x1;
  44              		.loc 1 7 5 view .LVU3
  45              		.loc 1 7 12 is_stmt 0 view .LVU4
  46 0006 0123     		movs	r3, #1
  47 0008 8DF80430 		strb	r3, [sp, #4]
   8:Core/Src/MotorCommunication.c ****     data[1]=0x1;
  48              		.loc 1 8 5 is_stmt 1 view .LVU5
  49              		.loc 1 8 12 is_stmt 0 view .LVU6
  50 000c 8DF80530 		strb	r3, [sp, #5]
ARM GAS  C:\Users\DMFILA~1\AppData\Local\Temp\cchvWgLk.s 			page 2


   9:Core/Src/MotorCommunication.c ****     canWrite(data,2,motorId);
  51              		.loc 1 9 5 is_stmt 1 view .LVU7
  52 0010 0221     		movs	r1, #2
  53 0012 01A8     		add	r0, sp, #4
  54              	.LVL1:
  55              		.loc 1 9 5 is_stmt 0 view .LVU8
  56 0014 FFF7FEFF 		bl	canWrite
  57              	.LVL2:
  10:Core/Src/MotorCommunication.c **** }
  58              		.loc 1 10 1 view .LVU9
  59 0018 03B0     		add	sp, sp, #12
  60              	.LCFI2:
  61              		.cfi_def_cfa_offset 4
  62              		@ sp needed
  63 001a 5DF804FB 		ldr	pc, [sp], #4
  64              		.cfi_endproc
  65              	.LFE126:
  67              		.section	.text.motorStop,"ax",%progbits
  68              		.align	1
  69              		.global	motorStop
  70              		.syntax unified
  71              		.thumb
  72              		.thumb_func
  73              		.fpu fpv4-sp-d16
  75              	motorStop:
  76              	.LVL3:
  77              	.LFB127:
  11:Core/Src/MotorCommunication.c **** 
  12:Core/Src/MotorCommunication.c **** void motorStop(uint16_t motorId)
  13:Core/Src/MotorCommunication.c **** {
  78              		.loc 1 13 1 is_stmt 1 view -0
  79              		.cfi_startproc
  80              		@ args = 0, pretend = 0, frame = 8
  81              		@ frame_needed = 0, uses_anonymous_args = 0
  82              		.loc 1 13 1 is_stmt 0 view .LVU11
  83 0000 00B5     		push	{lr}
  84              	.LCFI3:
  85              		.cfi_def_cfa_offset 4
  86              		.cfi_offset 14, -4
  87 0002 83B0     		sub	sp, sp, #12
  88              	.LCFI4:
  89              		.cfi_def_cfa_offset 16
  90 0004 0246     		mov	r2, r0
  14:Core/Src/MotorCommunication.c ****     uint8_t data[2];
  91              		.loc 1 14 5 is_stmt 1 view .LVU12
  15:Core/Src/MotorCommunication.c ****     data[0]=0x1;
  92              		.loc 1 15 5 view .LVU13
  93              		.loc 1 15 12 is_stmt 0 view .LVU14
  94 0006 0123     		movs	r3, #1
  95 0008 8DF80430 		strb	r3, [sp, #4]
  16:Core/Src/MotorCommunication.c ****     data[1]=0x0;
  96              		.loc 1 16 5 is_stmt 1 view .LVU15
  97              		.loc 1 16 12 is_stmt 0 view .LVU16
  98 000c 0023     		movs	r3, #0
  99 000e 8DF80530 		strb	r3, [sp, #5]
  17:Core/Src/MotorCommunication.c ****     canWrite(data,2,motorId);
 100              		.loc 1 17 5 is_stmt 1 view .LVU17
ARM GAS  C:\Users\DMFILA~1\AppData\Local\Temp\cchvWgLk.s 			page 3


 101 0012 0221     		movs	r1, #2
 102 0014 01A8     		add	r0, sp, #4
 103              	.LVL4:
 104              		.loc 1 17 5 is_stmt 0 view .LVU18
 105 0016 FFF7FEFF 		bl	canWrite
 106              	.LVL5:
  18:Core/Src/MotorCommunication.c **** }
 107              		.loc 1 18 1 view .LVU19
 108 001a 03B0     		add	sp, sp, #12
 109              	.LCFI5:
 110              		.cfi_def_cfa_offset 4
 111              		@ sp needed
 112 001c 5DF804FB 		ldr	pc, [sp], #4
 113              		.cfi_endproc
 114              	.LFE127:
 116              		.section	.text.motorSetSpeedRpm,"ax",%progbits
 117              		.align	1
 118              		.global	motorSetSpeedRpm
 119              		.syntax unified
 120              		.thumb
 121              		.thumb_func
 122              		.fpu fpv4-sp-d16
 124              	motorSetSpeedRpm:
 125              	.LVL6:
 126              	.LFB128:
  19:Core/Src/MotorCommunication.c **** 
  20:Core/Src/MotorCommunication.c **** void motorSetSpeedRpm(int16_t speed,uint16_t motorId)
  21:Core/Src/MotorCommunication.c **** {
 127              		.loc 1 21 1 is_stmt 1 view -0
 128              		.cfi_startproc
 129              		@ args = 0, pretend = 0, frame = 8
 130              		@ frame_needed = 0, uses_anonymous_args = 0
 131              		.loc 1 21 1 is_stmt 0 view .LVU21
 132 0000 00B5     		push	{lr}
 133              	.LCFI6:
 134              		.cfi_def_cfa_offset 4
 135              		.cfi_offset 14, -4
 136 0002 83B0     		sub	sp, sp, #12
 137              	.LCFI7:
 138              		.cfi_def_cfa_offset 16
 139 0004 0A46     		mov	r2, r1
  22:Core/Src/MotorCommunication.c ****     char data[3];
 140              		.loc 1 22 5 is_stmt 1 view .LVU22
  23:Core/Src/MotorCommunication.c ****     data[0] = 0x03;
 141              		.loc 1 23 5 view .LVU23
 142              		.loc 1 23 13 is_stmt 0 view .LVU24
 143 0006 0321     		movs	r1, #3
 144              	.LVL7:
 145              		.loc 1 23 13 view .LVU25
 146 0008 8DF80410 		strb	r1, [sp, #4]
  24:Core/Src/MotorCommunication.c ****     data[1] = speed & 0xFF;
 147              		.loc 1 24 5 is_stmt 1 view .LVU26
 148              		.loc 1 24 13 is_stmt 0 view .LVU27
 149 000c 8DF80500 		strb	r0, [sp, #5]
  25:Core/Src/MotorCommunication.c ****     data[2] = speed >> 8;
 150              		.loc 1 25 5 is_stmt 1 view .LVU28
 151              		.loc 1 25 13 is_stmt 0 view .LVU29
ARM GAS  C:\Users\DMFILA~1\AppData\Local\Temp\cchvWgLk.s 			page 4


 152 0010 0012     		asrs	r0, r0, #8
 153              	.LVL8:
 154              		.loc 1 25 13 view .LVU30
 155 0012 8DF80600 		strb	r0, [sp, #6]
  26:Core/Src/MotorCommunication.c ****     canWrite(data,3,motorId);
 156              		.loc 1 26 5 is_stmt 1 view .LVU31
 157 0016 01A8     		add	r0, sp, #4
 158 0018 FFF7FEFF 		bl	canWrite
 159              	.LVL9:
  27:Core/Src/MotorCommunication.c **** }
 160              		.loc 1 27 1 is_stmt 0 view .LVU32
 161 001c 03B0     		add	sp, sp, #12
 162              	.LCFI8:
 163              		.cfi_def_cfa_offset 4
 164              		@ sp needed
 165 001e 5DF804FB 		ldr	pc, [sp], #4
 166              		.cfi_endproc
 167              	.LFE128:
 169              		.section	.text.motorSetAngleDeg,"ax",%progbits
 170              		.align	1
 171              		.global	motorSetAngleDeg
 172              		.syntax unified
 173              		.thumb
 174              		.thumb_func
 175              		.fpu fpv4-sp-d16
 177              	motorSetAngleDeg:
 178              	.LVL10:
 179              	.LFB129:
  28:Core/Src/MotorCommunication.c **** 
  29:Core/Src/MotorCommunication.c **** void motorSetAngleDeg(int16_t angle,uint16_t motorId)
  30:Core/Src/MotorCommunication.c **** {
 180              		.loc 1 30 1 is_stmt 1 view -0
 181              		.cfi_startproc
 182              		@ args = 0, pretend = 0, frame = 8
 183              		@ frame_needed = 0, uses_anonymous_args = 0
 184              		.loc 1 30 1 is_stmt 0 view .LVU34
 185 0000 00B5     		push	{lr}
 186              	.LCFI9:
 187              		.cfi_def_cfa_offset 4
 188              		.cfi_offset 14, -4
 189 0002 83B0     		sub	sp, sp, #12
 190              	.LCFI10:
 191              		.cfi_def_cfa_offset 16
 192 0004 0A46     		mov	r2, r1
  31:Core/Src/MotorCommunication.c ****     uint8_t  data[3];
 193              		.loc 1 31 5 is_stmt 1 view .LVU35
  32:Core/Src/MotorCommunication.c ****     data[0] = 0x05;
 194              		.loc 1 32 5 view .LVU36
 195              		.loc 1 32 13 is_stmt 0 view .LVU37
 196 0006 0523     		movs	r3, #5
 197 0008 8DF80430 		strb	r3, [sp, #4]
  33:Core/Src/MotorCommunication.c ****     data[1] = angle & 0xFF;
 198              		.loc 1 33 5 is_stmt 1 view .LVU38
 199              		.loc 1 33 13 is_stmt 0 view .LVU39
 200 000c 8DF80500 		strb	r0, [sp, #5]
  34:Core/Src/MotorCommunication.c ****     data[2] = angle >> 8;
 201              		.loc 1 34 5 is_stmt 1 view .LVU40
ARM GAS  C:\Users\DMFILA~1\AppData\Local\Temp\cchvWgLk.s 			page 5


 202              		.loc 1 34 13 is_stmt 0 view .LVU41
 203 0010 0012     		asrs	r0, r0, #8
 204              	.LVL11:
 205              		.loc 1 34 13 view .LVU42
 206 0012 8DF80600 		strb	r0, [sp, #6]
  35:Core/Src/MotorCommunication.c ****     canWrite(data,3,motorId);
 207              		.loc 1 35 5 is_stmt 1 view .LVU43
 208 0016 0321     		movs	r1, #3
 209              	.LVL12:
 210              		.loc 1 35 5 is_stmt 0 view .LVU44
 211 0018 01A8     		add	r0, sp, #4
 212 001a FFF7FEFF 		bl	canWrite
 213              	.LVL13:
  36:Core/Src/MotorCommunication.c **** }
 214              		.loc 1 36 1 view .LVU45
 215 001e 03B0     		add	sp, sp, #12
 216              	.LCFI11:
 217              		.cfi_def_cfa_offset 4
 218              		@ sp needed
 219 0020 5DF804FB 		ldr	pc, [sp], #4
 220              		.cfi_endproc
 221              	.LFE129:
 223              		.section	.text.motorSetCommunicationMode,"ax",%progbits
 224              		.align	1
 225              		.global	motorSetCommunicationMode
 226              		.syntax unified
 227              		.thumb
 228              		.thumb_func
 229              		.fpu fpv4-sp-d16
 231              	motorSetCommunicationMode:
 232              	.LVL14:
 233              	.LFB130:
  37:Core/Src/MotorCommunication.c **** 
  38:Core/Src/MotorCommunication.c **** void motorSetCommunicationMode(Communication_mode_t mode,uint16_t motorId)
  39:Core/Src/MotorCommunication.c **** {
 234              		.loc 1 39 1 is_stmt 1 view -0
 235              		.cfi_startproc
 236              		@ args = 0, pretend = 0, frame = 8
 237              		@ frame_needed = 0, uses_anonymous_args = 0
 238              		.loc 1 39 1 is_stmt 0 view .LVU47
 239 0000 00B5     		push	{lr}
 240              	.LCFI12:
 241              		.cfi_def_cfa_offset 4
 242              		.cfi_offset 14, -4
 243 0002 83B0     		sub	sp, sp, #12
 244              	.LCFI13:
 245              		.cfi_def_cfa_offset 16
 246 0004 0A46     		mov	r2, r1
  40:Core/Src/MotorCommunication.c ****     uint8_t temp[2];
 247              		.loc 1 40 5 is_stmt 1 view .LVU48
  41:Core/Src/MotorCommunication.c ****     temp[0] = CHANGE_DEVICE_COMMUNICATION_MODE;
 248              		.loc 1 41 5 view .LVU49
 249              		.loc 1 41 13 is_stmt 0 view .LVU50
 250 0006 0623     		movs	r3, #6
 251 0008 8DF80430 		strb	r3, [sp, #4]
  42:Core/Src/MotorCommunication.c ****     temp[1]=mode;
 252              		.loc 1 42 5 is_stmt 1 view .LVU51
ARM GAS  C:\Users\DMFILA~1\AppData\Local\Temp\cchvWgLk.s 			page 6


 253              		.loc 1 42 12 is_stmt 0 view .LVU52
 254 000c 8DF80500 		strb	r0, [sp, #5]
  43:Core/Src/MotorCommunication.c ****     canWrite(temp,2,motorId);
 255              		.loc 1 43 5 is_stmt 1 view .LVU53
 256 0010 0221     		movs	r1, #2
 257              	.LVL15:
 258              		.loc 1 43 5 is_stmt 0 view .LVU54
 259 0012 01A8     		add	r0, sp, #4
 260              	.LVL16:
 261              		.loc 1 43 5 view .LVU55
 262 0014 FFF7FEFF 		bl	canWrite
 263              	.LVL17:
  44:Core/Src/MotorCommunication.c **** }
 264              		.loc 1 44 1 view .LVU56
 265 0018 03B0     		add	sp, sp, #12
 266              	.LCFI14:
 267              		.cfi_def_cfa_offset 4
 268              		@ sp needed
 269 001a 5DF804FB 		ldr	pc, [sp], #4
 270              		.cfi_endproc
 271              	.LFE130:
 273              		.section	.text.motorSetMotionMode,"ax",%progbits
 274              		.align	1
 275              		.global	motorSetMotionMode
 276              		.syntax unified
 277              		.thumb
 278              		.thumb_func
 279              		.fpu fpv4-sp-d16
 281              	motorSetMotionMode:
 282              	.LVL18:
 283              	.LFB131:
  45:Core/Src/MotorCommunication.c **** 
  46:Core/Src/MotorCommunication.c **** void motorSetMotionMode(Motion_control_mode_t mode,uint16_t motorId)
  47:Core/Src/MotorCommunication.c **** {
 284              		.loc 1 47 1 is_stmt 1 view -0
 285              		.cfi_startproc
 286              		@ args = 0, pretend = 0, frame = 8
 287              		@ frame_needed = 0, uses_anonymous_args = 0
 288              		.loc 1 47 1 is_stmt 0 view .LVU58
 289 0000 00B5     		push	{lr}
 290              	.LCFI15:
 291              		.cfi_def_cfa_offset 4
 292              		.cfi_offset 14, -4
 293 0002 83B0     		sub	sp, sp, #12
 294              	.LCFI16:
 295              		.cfi_def_cfa_offset 16
 296 0004 0A46     		mov	r2, r1
  48:Core/Src/MotorCommunication.c ****     uint8_t temp[2];
 297              		.loc 1 48 5 is_stmt 1 view .LVU59
  49:Core/Src/MotorCommunication.c ****     temp[0] = CHANGE_MOTION_CONTROL_MODE;
 298              		.loc 1 49 5 view .LVU60
 299              		.loc 1 49 13 is_stmt 0 view .LVU61
 300 0006 0723     		movs	r3, #7
 301 0008 8DF80430 		strb	r3, [sp, #4]
  50:Core/Src/MotorCommunication.c ****     temp[1]=mode;
 302              		.loc 1 50 5 is_stmt 1 view .LVU62
 303              		.loc 1 50 12 is_stmt 0 view .LVU63
ARM GAS  C:\Users\DMFILA~1\AppData\Local\Temp\cchvWgLk.s 			page 7


 304 000c 8DF80500 		strb	r0, [sp, #5]
  51:Core/Src/MotorCommunication.c ****     canWrite(temp,2,motorId);
 305              		.loc 1 51 5 is_stmt 1 view .LVU64
 306 0010 0221     		movs	r1, #2
 307              	.LVL19:
 308              		.loc 1 51 5 is_stmt 0 view .LVU65
 309 0012 01A8     		add	r0, sp, #4
 310              	.LVL20:
 311              		.loc 1 51 5 view .LVU66
 312 0014 FFF7FEFF 		bl	canWrite
 313              	.LVL21:
  52:Core/Src/MotorCommunication.c **** }...
 314              		.loc 1 52 1 view .LVU67
 315 0018 03B0     		add	sp, sp, #12
 316              	.LCFI17:
 317              		.cfi_def_cfa_offset 4
 318              		@ sp needed
 319 001a 5DF804FB 		ldr	pc, [sp], #4
 320              		.cfi_endproc
 321              	.LFE131:
 323              		.section	.bss.TimingDelay,"aw",%nobits
 324              		.align	2
 327              	TimingDelay:
 328 0000 00000000 		.space	4
 329              		.text
 330              	.Letext0:
 331              		.file 2 "c:\\work\\arm\\xpack-arm-none-eabi-gcc-9.2.1-1.1\\arm-none-eabi\\include\\machine\\_defau
 332              		.file 3 "c:\\work\\arm\\xpack-arm-none-eabi-gcc-9.2.1-1.1\\arm-none-eabi\\include\\sys\\_stdint.h"
 333              		.file 4 "Drivers/CMSIS/Include/core_cm4.h"
 334              		.file 5 "Drivers/CMSIS/Device/ST/STM32F3xx/Include/system_stm32f3xx.h"
 335              		.file 6 "c:\\work\\arm\\xpack-arm-none-eabi-gcc-9.2.1-1.1\\arm-none-eabi\\include\\sys\\lock.h"
 336              		.file 7 "c:\\work\\arm\\xpack-arm-none-eabi-gcc-9.2.1-1.1\\arm-none-eabi\\include\\sys\\_types.h"
 337              		.file 8 "c:\\work\\arm\\xpack-arm-none-eabi-gcc-9.2.1-1.1\\lib\\gcc\\arm-none-eabi\\9.2.1\\include
 338              		.file 9 "c:\\work\\arm\\xpack-arm-none-eabi-gcc-9.2.1-1.1\\arm-none-eabi\\include\\sys\\reent.h"
 339              		.file 10 "c:\\work\\arm\\xpack-arm-none-eabi-gcc-9.2.1-1.1\\arm-none-eabi\\include\\stdlib.h"
 340              		.file 11 "Core/Inc/MotorCommunication.h"
 341              		.file 12 "Core/Inc/rcc.h"
 342              		.file 13 "Core/Inc/can.h"
ARM GAS  C:\Users\DMFILA~1\AppData\Local\Temp\cchvWgLk.s 			page 8


DEFINED SYMBOLS
                            *ABS*:0000000000000000 MotorCommunication.c
C:\Users\DMFILA~1\AppData\Local\Temp\cchvWgLk.s:18     .text.motorStart:0000000000000000 $t
C:\Users\DMFILA~1\AppData\Local\Temp\cchvWgLk.s:26     .text.motorStart:0000000000000000 motorStart
C:\Users\DMFILA~1\AppData\Local\Temp\cchvWgLk.s:68     .text.motorStop:0000000000000000 $t
C:\Users\DMFILA~1\AppData\Local\Temp\cchvWgLk.s:75     .text.motorStop:0000000000000000 motorStop
C:\Users\DMFILA~1\AppData\Local\Temp\cchvWgLk.s:117    .text.motorSetSpeedRpm:0000000000000000 $t
C:\Users\DMFILA~1\AppData\Local\Temp\cchvWgLk.s:124    .text.motorSetSpeedRpm:0000000000000000 motorSetSpeedRpm
C:\Users\DMFILA~1\AppData\Local\Temp\cchvWgLk.s:170    .text.motorSetAngleDeg:0000000000000000 $t
C:\Users\DMFILA~1\AppData\Local\Temp\cchvWgLk.s:177    .text.motorSetAngleDeg:0000000000000000 motorSetAngleDeg
C:\Users\DMFILA~1\AppData\Local\Temp\cchvWgLk.s:224    .text.motorSetCommunicationMode:0000000000000000 $t
C:\Users\DMFILA~1\AppData\Local\Temp\cchvWgLk.s:231    .text.motorSetCommunicationMode:0000000000000000 motorSetCommunicationMode
C:\Users\DMFILA~1\AppData\Local\Temp\cchvWgLk.s:274    .text.motorSetMotionMode:0000000000000000 $t
C:\Users\DMFILA~1\AppData\Local\Temp\cchvWgLk.s:281    .text.motorSetMotionMode:0000000000000000 motorSetMotionMode
C:\Users\DMFILA~1\AppData\Local\Temp\cchvWgLk.s:324    .bss.TimingDelay:0000000000000000 $d
C:\Users\DMFILA~1\AppData\Local\Temp\cchvWgLk.s:327    .bss.TimingDelay:0000000000000000 TimingDelay

UNDEFINED SYMBOLS
canWrite
